<?xml version="1.0" encoding="UTF-8"?>
<testsuite name="com.example.shared.ExampleUnitTest" tests="1" skipped="0" failures="0" errors="0" timestamp="2025-01-20T07:03:59" hostname="LAPTOP-54A6RDQC" time="0.006">
  <properties/>
  <testcase name="addition_isCorrect" classname="com.example.shared.ExampleUnitTest" time="0.006"/>
  <system-out><![CDATA[]]></system-out>
  <system-err><![CDATA[]]></system-err>
</testsuite>
