<?xml version="1.0" encoding="UTF-8"?>
<testsuite name="com.example.submisiawal2.ExampleUnitTest" tests="1" skipped="0" failures="0" errors="0" timestamp="2025-01-20T07:04:31" hostname="LAPTOP-54A6RDQC" time="0.013">
  <properties/>
  <testcase name="addition_isCorrect" classname="com.example.submisiawal2.ExampleUnitTest" time="0.013"/>
  <system-out><![CDATA[]]></system-out>
  <system-err><![CDATA[]]></system-err>
</testsuite>
